UI.click("Autopilot Master <");
UI.click("Autopilot Master >");
UI.click("Autopilot Master fd");
UI.click("Autopilot Master off");
UI.click("Autopilot Master on");
UI.click("Autopilot PitchTrim");
UI.click("Autopilot PitchTrim off");
UI.click("Autopilot PitchTrim on");
UI.click("Autopilot Yaw Trim +=",1.0);
UI.click("Autopilot Yaw Trim <");
UI.click("Autopilot Yaw Trim =",1.0);
UI.click("Autopilot Yaw Trim >");
UI.click("Autopilot YawDamper");
UI.click("Autopilot YawDamper off");
UI.click("Autopilot YawDamper on");
UI.click("Cabin Air Condition");
UI.click("Cabin Air Condition off");
UI.click("Cabin Air Condition on");
UI.click("Cabin Environmental Air");
UI.click("Cabin Environmental Air off");
UI.click("Cabin Environmental Air on");
UI.click("Cabin Pressure Controller <");
UI.click("Cabin Pressure Controller >");
UI.click("Cabin Pressure Controller dump");
UI.click("Cabin Pressure Controller off");
UI.click("Cabin Pressure Controller on");
UI.click("Cabin Temperature +=",1.0);
UI.click("Cabin Temperature <");
UI.click("Cabin Temperature =",1.0);
UI.click("Cabin Temperature >");
UI.click("Cabin Temperature Controller");
UI.click("Cabin Temperature Controller Mode <");
UI.click("Cabin Temperature Controller Mode >");
UI.click("Cabin Temperature Controller Mode auto");
UI.click("Cabin Temperature Controller Mode cool");
UI.click("Cabin Temperature Controller Mode warm");
UI.click("Cabin Temperature Controller off");
UI.click("Cabin Temperature Controller on");
UI.click("Cabin Vent <");
UI.click("Cabin Vent >");
UI.click("Cabin Vent high");
UI.click("Cabin Vent low");
UI.click("Cabin Vent off");
UI.click("Circuit Breaker ATC");
UI.click("Circuit Breaker ATC close");
UI.click("Circuit Breaker ATC open");
UI.click("Circuit Breaker AV Bus");
UI.click("Circuit Breaker AV Bus close");
UI.click("Circuit Breaker AV Bus open");
UI.click("Circuit Breaker Air Condition");
UI.click("Circuit Breaker Air Condition close");
UI.click("Circuit Breaker Air Condition open");
UI.click("Circuit Breaker Air Control");
UI.click("Circuit Breaker Air Control close");
UI.click("Circuit Breaker Air Control open");
UI.click("Circuit Breaker Alt");
UI.click("Circuit Breaker Alt close");
UI.click("Circuit Breaker Alt open");
UI.click("Circuit Breaker Audio Marker");
UI.click("Circuit Breaker Audio Marker close");
UI.click("Circuit Breaker Audio Marker open");
UI.click("Circuit Breaker Autopilot Computer");
UI.click("Circuit Breaker Autopilot Computer close");
UI.click("Circuit Breaker Autopilot Computer open");
UI.click("Circuit Breaker Autopilot Servo");
UI.click("Circuit Breaker Autopilot Servo close");
UI.click("Circuit Breaker Autopilot Servo open");
UI.click("Circuit Breaker Boots");
UI.click("Circuit Breaker Boots close");
UI.click("Circuit Breaker Boots open");
UI.click("Circuit Breaker Bus Tie");
UI.click("Circuit Breaker Bus Tie close");
UI.click("Circuit Breaker Bus Tie open");
UI.click("Circuit Breaker Cabin Light");
UI.click("Circuit Breaker Cabin Light close");
UI.click("Circuit Breaker Cabin Light open");
UI.click("Circuit Breaker Cabin Pressure");
UI.click("Circuit Breaker Cabin Pressure close");
UI.click("Circuit Breaker Cabin Pressure open");
UI.click("Circuit Breaker Cigarette Lighter");
UI.click("Circuit Breaker Cigarette Lighter close");
UI.click("Circuit Breaker Cigarette Lighter open");
UI.click("Circuit Breaker DIP 1");
UI.click("Circuit Breaker DIP 1 close");
UI.click("Circuit Breaker DIP 1 open");
UI.click("Circuit Breaker DIP-2");
UI.click("Circuit Breaker DIP-2 close");
UI.click("Circuit Breaker DIP-2 open");
UI.click("Circuit Breaker DME");
UI.click("Circuit Breaker DME close");
UI.click("Circuit Breaker DME open");
UI.click("Circuit Breaker Dump");
UI.click("Circuit Breaker Dump close");
UI.click("Circuit Breaker Dump open");
UI.click("Circuit Breaker Emergency 1");
UI.click("Circuit Breaker Emergency 1 close");
UI.click("Circuit Breaker Emergency 1 open");
UI.click("Circuit Breaker Emergency 2");
UI.click("Circuit Breaker Emergency 2 close");
UI.click("Circuit Breaker Emergency 2 open");
UI.click("Circuit Breaker Engine Instrument 1");
UI.click("Circuit Breaker Engine Instrument 1 close");
UI.click("Circuit Breaker Engine Instrument 1 open");
UI.click("Circuit Breaker Engine Instrument 2");
UI.click("Circuit Breaker Engine Instrument 2 close");
UI.click("Circuit Breaker Engine Instrument 2 open");
UI.click("Circuit Breaker Environmental Bleed");
UI.click("Circuit Breaker Environmental Bleed close");
UI.click("Circuit Breaker Environmental Bleed open");
UI.click("Circuit Breaker Flap");
UI.click("Circuit Breaker Flap Control");
UI.click("Circuit Breaker Flap Control close");
UI.click("Circuit Breaker Flap Control open");
UI.click("Circuit Breaker Flap UNB");
UI.click("Circuit Breaker Flap UNB close");
UI.click("Circuit Breaker Flap UNB open");
UI.click("Circuit Breaker Flap close");
UI.click("Circuit Breaker Flap open");
UI.click("Circuit Breaker Fuel Flow");
UI.click("Circuit Breaker Fuel Flow close");
UI.click("Circuit Breaker Fuel Flow open");
UI.click("Circuit Breaker Fuel Pump 1");
UI.click("Circuit Breaker Fuel Pump 1 close");
UI.click("Circuit Breaker Fuel Pump 1 open");
UI.click("Circuit Breaker Fuel Quantity");
UI.click("Circuit Breaker Fuel Quantity close");
UI.click("Circuit Breaker Fuel Quantity open");
UI.click("Circuit Breaker Fuel Transfer L");
UI.click("Circuit Breaker Fuel Transfer L close");
UI.click("Circuit Breaker Fuel Transfer L open");
UI.click("Circuit Breaker Fuel Transfer R");
UI.click("Circuit Breaker Fuel Transfer R close");
UI.click("Circuit Breaker Fuel Transfer R open");
UI.click("Circuit Breaker Fuel Pump 2");
UI.click("Circuit Breaker Fuel Pump 2 close");
UI.click("Circuit Breaker Fuel Pump 2 open");
UI.click("Circuit Breaker Gear Aux 1");
UI.click("Circuit Breaker Gear Aux 1 close");
UI.click("Circuit Breaker Gear Aux 1 open");
UI.click("Circuit Breaker Gear Control");
UI.click("Circuit Breaker Gear Control close");
UI.click("Circuit Breaker Gear Control open");
UI.click("Circuit Breaker Gear Warn");
UI.click("Circuit Breaker Gear Warn close");
UI.click("Circuit Breaker Gear Warn open");
UI.click("Circuit Breaker Generator Reset");
UI.click("Circuit Breaker Generator Reset close");
UI.click("Circuit Breaker Generator Reset open");
UI.click("Circuit Breaker Glare Light");
UI.click("Circuit Breaker Glare Light close");
UI.click("Circuit Breaker Glare Light open");
UI.click("Circuit Breaker Hydraulic");
UI.click("Circuit Breaker Hydraulic close");
UI.click("Circuit Breaker Hydraulic open");
UI.click("Circuit Breaker IFD Left A");
UI.click("Circuit Breaker IFD Left A close");
UI.click("Circuit Breaker IFD Left A open");
UI.click("Circuit Breaker IFD Left B");
UI.click("Circuit Breaker IFD Left B close");
UI.click("Circuit Breaker IFD Left B open");
UI.click("Circuit Breaker IFD Right A");
UI.click("Circuit Breaker IFD Right A close");
UI.click("Circuit Breaker IFD Right A open");
UI.click("Circuit Breaker IFD Right B");
UI.click("Circuit Breaker IFD Right B close");
UI.click("Circuit Breaker IFD Right B open");
UI.click("Circuit Breaker Ice Light");
UI.click("Circuit Breaker Ice Light close");
UI.click("Circuit Breaker Ice Light open");
UI.click("Circuit Breaker Ignition");
UI.click("Circuit Breaker Ignition close");
UI.click("Circuit Breaker Ignition open");
UI.click("Circuit Breaker Instrument Light");
UI.click("Circuit Breaker Instrument Light close");
UI.click("Circuit Breaker Instrument Light open");
UI.click("Circuit Breaker Intake AI");
UI.click("Circuit Breaker Intake AI close");
UI.click("Circuit Breaker Intake AI open");
UI.click("Circuit Breaker Iridium");
UI.click("Circuit Breaker Iridium close");
UI.click("Circuit Breaker Iridium open");
UI.click("Circuit Breaker Keypad");
UI.click("Circuit Breaker Keypad close");
UI.click("Circuit Breaker Keypad open");
UI.click("Circuit Breaker Landing Light");
UI.click("Circuit Breaker Landing Light close");
UI.click("Circuit Breaker Landing Light open");
UI.click("Circuit Breaker Low Volt");
UI.click("Circuit Breaker Low Volt close");
UI.click("Circuit Breaker Low Volt open");
UI.click("Circuit Breaker Nav Light");
UI.click("Circuit Breaker Nav Light close");
UI.click("Circuit Breaker Nav Light open");
UI.click("Circuit Breaker Over Speed Test");
UI.click("Circuit Breaker Over Speed Test close");
UI.click("Circuit Breaker Over Speed Test open");
UI.click("Circuit Breaker Panel Vent");
UI.click("Circuit Breaker Panel Vent close");
UI.click("Circuit Breaker Panel Vent open");
UI.click("Circuit Breaker Pitot L");
UI.click("Circuit Breaker Pitot L close");
UI.click("Circuit Breaker Pitot L open");
UI.click("Circuit Breaker Pitot R");
UI.click("Circuit Breaker Pitot R close");
UI.click("Circuit Breaker Pitot R open");
UI.click("Circuit Breaker PropellerHeat");
UI.click("Circuit Breaker PropellerHeat close");
UI.click("Circuit Breaker PropellerHeat open");
UI.click("Circuit Breaker RCCB");
UI.click("Circuit Breaker RCCB close");
UI.click("Circuit Breaker RCCB open");
UI.click("Circuit Breaker Recognition Light");
UI.click("Circuit Breaker Recognition Light close");
UI.click("Circuit Breaker Recognition Light open");
UI.click("Circuit Breaker Sirius");
UI.click("Circuit Breaker Sirius close");
UI.click("Circuit Breaker Sirius open");
UI.click("Circuit Breaker Stall Warning");
UI.click("Circuit Breaker Stall Warning close");
UI.click("Circuit Breaker Stall Warning open");
UI.click("Circuit Breaker Standby Gyroskop");
UI.click("Circuit Breaker Standby Gyroskop close");
UI.click("Circuit Breaker Standby Gyroskop open");
UI.click("Circuit Breaker Start");
UI.click("Circuit Breaker Start close");
UI.click("Circuit Breaker Start open");
UI.click("Circuit Breaker Strobe Light");
UI.click("Circuit Breaker Strobe Light close");
UI.click("Circuit Breaker Strobe Light open");
UI.click("Circuit Breaker TAS");
UI.click("Circuit Breaker TAS close");
UI.click("Circuit Breaker TAS open");
UI.click("Circuit Breaker Turn Coordinator");
UI.click("Circuit Breaker Turn Coordinator close");
UI.click("Circuit Breaker Turn Coordinator open");
UI.click("Circuit Breaker VDC12");
UI.click("Circuit Breaker VDC12 close");
UI.click("Circuit Breaker VDC12 open");
UI.click("Circuit Breaker Vne Warn");
UI.click("Circuit Breaker Vne Warn close");
UI.click("Circuit Breaker Vne Warn open");
UI.click("Circuit Breaker Volt Monitor");
UI.click("Circuit Breaker Volt Monitor close");
UI.click("Circuit Breaker Volt Monitor open");
UI.click("Circuit Breaker Warn Light");
UI.click("Circuit Breaker Warn Light close");
UI.click("Circuit Breaker Warn Light open");
UI.click("Circuit Breaker Weather Detection");
UI.click("Circuit Breaker Weather Detection close");
UI.click("Circuit Breaker Weather Detection open");
UI.click("Circuit Breaker Wind Shield Control");
UI.click("Circuit Breaker Wind Shield Control close");
UI.click("Circuit Breaker Wind Shield Control open");
UI.click("Circuit Breaker Wind Shield Heat");
UI.click("Circuit Breaker Wind Shield Heat close");
UI.click("Circuit Breaker Wind Shield Heat open");
UI.click("Deicing Boots");
UI.click("Deicing Boots off");
UI.click("Deicing Boots on");
UI.click("Deicing Pitot Left <");
UI.click("Deicing Pitot Left >");
UI.click("Deicing Pitot Left off");
UI.click("Deicing Pitot Left on");
UI.click("Deicing Pitot Left test");
UI.click("Deicing Pitot Right <");
UI.click("Deicing Pitot Right >");
UI.click("Deicing Pitot Right off");
UI.click("Deicing Pitot Right on");
UI.click("Deicing Pitot Right test");
UI.click("Deicing Propeller");
UI.click("Deicing Propeller off");
UI.click("Deicing Propeller on");
UI.click("Deicing Windshield");
UI.click("Deicing Windshield off");
UI.click("Deicing Windshield on");
UI.click("Dimmer Annunciator +=",1.0);
UI.click("Dimmer Annunciator <");
UI.click("Dimmer Annunciator =",1.0);
UI.click("Dimmer Annunciator >");
UI.click("Dimmer Glare +=",1.0);
UI.click("Dimmer Glare <");
UI.click("Dimmer Glare =",1.0);
UI.click("Dimmer Glare >");
UI.click("Dimmer Instrument +=",1.0);
UI.click("Dimmer Instrument <");
UI.click("Dimmer Instrument =",1.0);
UI.click("Dimmer Instrument >");
UI.click("Dimmer Keypad +=",1.0);
UI.click("Dimmer Keypad <");
UI.click("Dimmer Keypad =",1.0);
UI.click("Dimmer Keypad >");
UI.click("Dimmer Switch +=",1.0);
UI.click("Dimmer Switch <");
UI.click("Dimmer Switch =",1.0);
UI.click("Dimmer Switch >");
UI.click("Emergency");
UI.click("Emergency off");
UI.click("Emergency on");
UI.click("Engine Motoring <");
UI.click("Engine Motoring >");
UI.click("Engine Motoring abort");
UI.click("Engine Motoring normal");
UI.click("Engine Motoring on");
UI.click("Engine OverSpeed");
UI.click("Engine OverSpeed off");
UI.click("Engine OverSpeed on");
UI.click("Engine Start <");
UI.click("Engine Start >");
UI.click("Engine Start ign");
UI.click("Engine Start off");
UI.click("Engine Start on");
UI.click("Fuel Pump 1");
UI.click("Fuel Pump 1 off");
UI.click("Fuel Pump 1 on");
UI.click("Fuel Pump 2");
UI.click("Fuel Pump 2 off");
UI.click("Fuel Pump 2 on");
UI.click("Fuel Select Valve <");
UI.click("Fuel Select Valve >");
UI.click("Fuel Transfer Left");
UI.click("Fuel Transfer Left off");
UI.click("Fuel Transfer Left on");
UI.click("Fuel Transfer Right");
UI.click("Fuel Transfer Right off");
UI.click("Fuel Transfer Right on");
UI.click("Light Cabin");
UI.click("Light Cabin off");
UI.click("Light Cabin on");
UI.click("Light Glare");
UI.click("Light Glare off");
UI.click("Light Glare on");
UI.click("Light Ice");
UI.click("Light Ice off");
UI.click("Light Ice on");
UI.click("Light Instrument");
UI.click("Light Instrument off");
UI.click("Light Instrument on");
UI.click("Light Landing");
UI.click("Light Landing off");
UI.click("Light Landing on");
UI.click("Light Map");
UI.click("Light Map off");
UI.click("Light Map on");
UI.click("Light Navigation");
UI.click("Light Navigation off");
UI.click("Light Navigation on");
UI.click("Light Recognition");
UI.click("Light Recognition off");
UI.click("Light Recognition on");
UI.click("Light Strobe");
UI.click("Light Strobe off");
UI.click("Light Strobe on");
UI.click("Main Avionics");
UI.click("Main Avionics off");
UI.click("Main Avionics on");
UI.click("Main Battery");
UI.click("Main Battery off");
UI.click("Main Battery on");
UI.click("Main External Power");
UI.click("Main External Power off");
UI.click("Main External Power on");
UI.click("Main Generator <");
UI.click("Main Generator >");
UI.click("Main Generator Test <");
UI.click("Main Generator Test >");
UI.click("Main Generator Test off");
UI.click("Main Generator Test on");
UI.click("Main Generator Test trip");
UI.click("Main Generator off");
UI.click("Main Generator on");
UI.click("Main Generator reset");
UI.click("Main Standby Alternator");
UI.click("Main Standby Alternator off");
UI.click("Main Standby Alternator on");
UI.click("Night <");
UI.click("Night >");
UI.click("Night day");
UI.click("Night night");
UI.click("Night test");